Unity Editor version:    2020.3.27f1 (e759542391ea)
Branch:                  2020.3/release
Build type:              Release
Batch mode:              YES
macOS version:           Version 11.6 (Build 20G165)
Darwin version:          20.6.0
Architecture:            x86_64
Running under Rosetta:   NO
Available memory:        16384 MB
Using pre-set license
Pro License: NO

COMMAND LINE ARGUMENTS:
/var/folders/kl/30wqdxnn7ks643nrqxkvk62h0000gt/T/AppTranslocation/A4F82D79-1786-43FE-8AB8-F0115635199B/d/Unity.app/Contents/MacOS/Unity
-adb2
-batchMode
-noUpm
-name
AssetImportWorker0
-projectPath
/Users/game12/My project
-logFile
Logs/AssetImportWorker0.log
-srvPort
51910
Successfully changed project path to: /Users/game12/My project
/Users/game12/My project
Using Asset Import Pipeline V2.
Error (Result too large) occured whilst enumerating /var/folders/kl/30wqdxnn7ks643nrqxkvk62h0000gt/T/AppTranslocation/A4F82D79-1786-43FE-8AB8-F0115635199B
Refreshing native plugins compatible for Editor in 32.93 ms, found 3 plugins.
Preloading 0 native plugins for Editor in 0.00 ms.
Initialize engine version: 2020.3.27f1 (e759542391ea)
[Subsystems] Discovering subsystems at path /var/folders/kl/30wqdxnn7ks643nrqxkvk62h0000gt/T/AppTranslocation/A4F82D79-1786-43FE-8AB8-F0115635199B/d/Unity.app/Contents/Resources/UnitySubsystems
[Subsystems] Discovering subsystems at path /Users/game12/My project/Assets
GfxDevice: creating device client; threaded=0
2025-05-08 09:18:18.390 Unity[22939:1627449] iMac preferred device: AMD Radeon Pro 5500 XT (high power)
2025-05-08 09:18:18.390 Unity[22939:1627449] Metal devices available: 1
2025-05-08 09:18:18.390 Unity[22939:1627449] 0: AMD Radeon Pro 5500 XT (high power)
2025-05-08 09:18:18.391 Unity[22939:1627449] Using device AMD Radeon Pro 5500 XT (high power)
Initializing Metal device caps: AMD Radeon Pro 5500 XT
Initialize mono
Mono path[0] = '/var/folders/kl/30wqdxnn7ks643nrqxkvk62h0000gt/T/AppTranslocation/A4F82D79-1786-43FE-8AB8-F0115635199B/d/Unity.app/Contents/Managed'
Mono path[1] = '/var/folders/kl/30wqdxnn7ks643nrqxkvk62h0000gt/T/AppTranslocation/A4F82D79-1786-43FE-8AB8-F0115635199B/d/Unity.app/Contents/MonoBleedingEdge/lib/mono/unityjit'
Mono config path = '/var/folders/kl/30wqdxnn7ks643nrqxkvk62h0000gt/T/AppTranslocation/A4F82D79-1786-43FE-8AB8-F0115635199B/d/Unity.app/Contents/MonoBleedingEdge/etc'
Using monoOptions --debugger-agent=transport=dt_socket,embedding=1,server=y,suspend=n,address=127.0.0.1:56939
Begin MonoManager ReloadAssembly
Registering precompiled unity dll's ...
Register platform support module: /var/folders/kl/30wqdxnn7ks643nrqxkvk62h0000gt/T/AppTranslocation/A4F82D79-1786-43FE-8AB8-F0115635199B/d/Unity.app/Contents/PlaybackEngines/MacStandaloneSupport/UnityEditor.OSXStandalone.Extensions.dll
Registered in 0.000540 seconds.
Native extension for OSXStandalone target not found
Refreshing native plugins compatible for Editor in 32.49 ms, found 3 plugins.
Preloading 0 native plugins for Editor in 0.00 ms.
Mono: successfully reloaded assembly
- Completed reload, in  0.516 seconds
Domain Reload Profiling:
	ReloadAssembly (516ms)
		BeginReloadAssembly (37ms)
			ExecutionOrderSort (0ms)
			DisableScriptedObjects (0ms)
			BackupInstance (0ms)
			ReleaseScriptingObjects (0ms)
			CreateAndSetChildDomain (1ms)
		EndReloadAssembly (415ms)
			LoadAssemblies (36ms)
			RebuildTransferFunctionScriptingTraits (0ms)
			SetupTypeCache (152ms)
			ReleaseScriptCaches (0ms)
			RebuildScriptCaches (31ms)
			SetupLoadedEditorAssemblies (163ms)
				LogAssemblyErrors (0ms)
				InitializePlatformSupportModulesInManaged (4ms)
				SetLoadedEditorAssemblies (0ms)
				RefreshPlugins (33ms)
				BeforeProcessingInitializeOnLoad (6ms)
				ProcessInitializeOnLoadAttributes (93ms)
				ProcessInitializeOnLoadMethodAttributes (27ms)
				AfterProcessingInitializeOnLoad (0ms)
				EditorAssembliesLoaded (0ms)
			ExecutionOrderSort2 (0ms)
			AwakeInstancesAfterBackupRestoration (0ms)
Platform modules already initialized, skipping
Registering precompiled user dll's ...
Registered in 0.001886 seconds.
Begin MonoManager ReloadAssembly
Native extension for OSXStandalone target not found
Refreshing native plugins compatible for Editor in 33.45 ms, found 3 plugins.
Preloading 0 native plugins for Editor in 0.00 ms.
Mono: successfully reloaded assembly
- Completed reload, in  1.008 seconds
Domain Reload Profiling:
	ReloadAssembly (1009ms)
		BeginReloadAssembly (137ms)
			ExecutionOrderSort (0ms)
			DisableScriptedObjects (4ms)
			BackupInstance (0ms)
			ReleaseScriptingObjects (0ms)
			CreateAndSetChildDomain (29ms)
		EndReloadAssembly (816ms)
			LoadAssemblies (67ms)
			RebuildTransferFunctionScriptingTraits (0ms)
			SetupTypeCache (308ms)
			ReleaseScriptCaches (0ms)
			RebuildScriptCaches (49ms)
			SetupLoadedEditorAssemblies (283ms)
				LogAssemblyErrors (0ms)
				InitializePlatformSupportModulesInManaged (3ms)
				SetLoadedEditorAssemblies (0ms)
				RefreshPlugins (33ms)
				BeforeProcessingInitializeOnLoad (49ms)
				ProcessInitializeOnLoadAttributes (183ms)
				ProcessInitializeOnLoadMethodAttributes (14ms)
				AfterProcessingInitializeOnLoad (1ms)
				EditorAssembliesLoaded (0ms)
			ExecutionOrderSort2 (0ms)
			AwakeInstancesAfterBackupRestoration (6ms)
Platform modules already initialized, skipping
Validating Project structure ... 0.000299 seconds.
Shader import version has changed; will reimport all shaders...
Upgrading shader files ...0.000472 seconds.
Application.AssetDatabase Initial Script Refresh Start
RefreshInfo: InitialScriptRefreshV2(NoUpdateAssetOptions) scanfilter:  ... 1 filters
RefreshProfiler: Total: 0.000ms
Application.AssetDatabase Initial Script Refresh End
Application.AssetDatabase.Refresh Start
Application.AssetDatabase.Refresh End
RefreshInfo: StopAssetImportingV2(ForceSynchronousImport) scanfilter: 
RefreshProfiler: Total: 0.000ms
Launching external process: /var/folders/kl/30wqdxnn7ks643nrqxkvk62h0000gt/T/AppTranslocation/A4F82D79-1786-43FE-8AB8-F0115635199B/d/Unity.app/Contents/Tools/UnityShaderCompiler
Launched and connected shader compiler UnityShaderCompiler after 0.01 seconds
Initializing Unity extensions:
========================================================================
Worker process is ready to serve import requests
Refreshing native plugins compatible for Editor in 0.23 ms, found 3 plugins.
Preloading 0 native plugins for Editor in 0.00 ms.
Unloading 2202 Unused Serialized files (Serialized files now loaded: 0)
System memory in use before: 212.6 MB.
System memory in use after: 211.9 MB.

Unloading 101 unused Assets to reduce memory usage. Loaded Objects now: 2675.
Total: 4.280817 ms (FindLiveObjects: 0.220401 ms CreateObjectMapping: 0.130372 ms MarkObjects: 3.429439 ms  DeleteObjects: 0.499894 ms)

AssetImportParameters requested are different than current active one (requested -> active):
  custom:video-decoder-ogg-theora: a1e56fd34408186e4bbccfd4996cb3dc -> 
  custom:container-muxer-webm: aa71ff27fc2769a1b78a27578f13a17b -> 
  custom:container-demuxer-webm: 4f35f7cbe854078d1ac9338744f61a02 -> 
  custom:container-demuxer-ogg: 62fdf1f143b41e24485cea50d1cbac27 -> 
  custom:video-encoder-webm-vp8: eb34c28f22e8b96e1ab97ce403110664 -> 
  custom:framework-osx-AVFoundation: e770b220cccbd017edd2c1fefb359320 -> 
  custom:video-decoder-webm-vp8: 9c59270c3fd7afecdb556c50c9e8de78 -> 
  custom:audio-decoder-ogg-vorbis: bf7c407c2cedff20999df2af8eb42d56 -> 
  custom:audio-encoder-webm-vorbis: bf7c407c2cedff20999df2af8eb42d56 -> 
========================================================================
Received Import Request.
  path: Assets/Scenes/Pipes.png
  artifactKey: Guid(e236f9b59d2f441b486c916750781cba) Importer(815301076,1909f56bfc062723c751e8b465ee728b)
Start importing Assets/Scenes/Pipes.png using Guid(e236f9b59d2f441b486c916750781cba) Importer(815301076,1909f56bfc062723c751e8b465ee728b)  -> (artifact id: 'd49be6d825d9dbe6a08b60a24cd96f13') in 0.793582 seconds 
  Import took 0.798960 seconds .

========================================================================
Received Import Request.
  Time since last request: 58.738400 seconds.
  path: Assets/animations
  artifactKey: Guid(2b53c274d36034798bf91a006594af8d) Importer(815301076,1909f56bfc062723c751e8b465ee728b)
Start importing Assets/animations using Guid(2b53c274d36034798bf91a006594af8d) Importer(815301076,1909f56bfc062723c751e8b465ee728b)  -> (artifact id: '4dced63b0be615f8a9ab14e291f5de73') in 0.001046 seconds 
  Import took 0.003785 seconds .

========================================================================
Received Import Request.
  Time since last request: 112.863933 seconds.
  path: Assets/prefabs
  artifactKey: Guid(a7559ab0ecdcd46a8b82cd042f656d71) Importer(815301076,1909f56bfc062723c751e8b465ee728b)
Start importing Assets/prefabs using Guid(a7559ab0ecdcd46a8b82cd042f656d71) Importer(815301076,1909f56bfc062723c751e8b465ee728b)  -> (artifact id: '4a7c4c6cd725b5eda8d230967ce1ca2d') in 0.001725 seconds 
  Import took 0.004362 seconds .

========================================================================
Received Import Request.
  Time since last request: 3.501452 seconds.
  path: Assets/prefabs/pipes.prefab
  artifactKey: Guid(cf9df2d33c15e4e46b4e13d8177cea06) Importer(815301076,1909f56bfc062723c751e8b465ee728b)
Start importing Assets/prefabs/pipes.prefab using Guid(cf9df2d33c15e4e46b4e13d8177cea06) Importer(815301076,1909f56bfc062723c751e8b465ee728b)  -> (artifact id: '830144295a3cd42428df20d80b0bd370') in 0.807841 seconds 
  Import took 0.813769 seconds .

========================================================================
Received Import Request.
  Time since last request: 12.983773 seconds.
  path: Assets/moveleft.cs
  artifactKey: Guid(ee1cff851ae3545d4a2f0e830b6cce91) Importer(815301076,1909f56bfc062723c751e8b465ee728b)
Start importing Assets/moveleft.cs using Guid(ee1cff851ae3545d4a2f0e830b6cce91) Importer(815301076,1909f56bfc062723c751e8b465ee728b)  -> (artifact id: '48a9aa63ba73f43e3974ba77e76f6c96') in 0.268010 seconds 
  Import took 0.274217 seconds .

========================================================================
Received Import Request.
  Time since last request: 55.360097 seconds.
  path: Assets/moveleft.cs
  artifactKey: Guid(ee1cff851ae3545d4a2f0e830b6cce91) Importer(815301076,1909f56bfc062723c751e8b465ee728b)
Start importing Assets/moveleft.cs using Guid(ee1cff851ae3545d4a2f0e830b6cce91) Importer(815301076,1909f56bfc062723c751e8b465ee728b)  -> (artifact id: '90df532a07c1a832c48d1bd848fa287e') in 0.003003 seconds 
  Import took 0.005792 seconds .

========================================================================
Received Import Request.
  Time since last request: 15.827358 seconds.
  path: Assets/MoveLeft.cs
  artifactKey: Guid(ee1cff851ae3545d4a2f0e830b6cce91) Importer(815301076,1909f56bfc062723c751e8b465ee728b)
Start importing Assets/MoveLeft.cs using Guid(ee1cff851ae3545d4a2f0e830b6cce91) Importer(815301076,1909f56bfc062723c751e8b465ee728b)  -> (artifact id: '13b8d0fe81004b3e29aa38bfa20548aa') in 0.002707 seconds 
  Import took 0.005394 seconds .

========================================================================
Received Import Request.
  Time since last request: 12.958432 seconds.
  path: Assets/Birdcontroller.cs
  artifactKey: Guid(079e2e8000ab74ae98816340f493a52a) Importer(815301076,1909f56bfc062723c751e8b465ee728b)
Start importing Assets/Birdcontroller.cs using Guid(079e2e8000ab74ae98816340f493a52a) Importer(815301076,1909f56bfc062723c751e8b465ee728b)  -> (artifact id: 'a25ee4e1d589dc50b670783b77b56944') in 0.003284 seconds 
  Import took 0.005978 seconds .

========================================================================
Received Import Request.
  Time since last request: 6.621690 seconds.
  path: Assets/BirdController.cs
  artifactKey: Guid(079e2e8000ab74ae98816340f493a52a) Importer(815301076,1909f56bfc062723c751e8b465ee728b)
Start importing Assets/BirdController.cs using Guid(079e2e8000ab74ae98816340f493a52a) Importer(815301076,1909f56bfc062723c751e8b465ee728b)  -> (artifact id: '652899fe2555099a4033e1d6f44ca8cf') in 0.002720 seconds 
  Import took 0.005275 seconds .

========================================================================
Received Prepare
Registering precompiled user dll's ...
Registered in 0.001670 seconds.
Begin MonoManager ReloadAssembly
Native extension for OSXStandalone target not found
Refreshing native plugins compatible for Editor in 0.39 ms, found 3 plugins.
Preloading 0 native plugins for Editor in 0.00 ms.
Mono: successfully reloaded assembly
- Completed reload, in  0.947 seconds
Domain Reload Profiling:
	ReloadAssembly (947ms)
		BeginReloadAssembly (108ms)
			ExecutionOrderSort (0ms)
			DisableScriptedObjects (5ms)
			BackupInstance (0ms)
			ReleaseScriptingObjects (0ms)
			CreateAndSetChildDomain (53ms)
		EndReloadAssembly (784ms)
			LoadAssemblies (64ms)
			RebuildTransferFunctionScriptingTraits (0ms)
			SetupTypeCache (294ms)
			ReleaseScriptCaches (1ms)
			RebuildScriptCaches (43ms)
			SetupLoadedEditorAssemblies (278ms)
				LogAssemblyErrors (0ms)
				InitializePlatformSupportModulesInManaged (3ms)
				SetLoadedEditorAssemblies (0ms)
				RefreshPlugins (0ms)
				BeforeProcessingInitializeOnLoad (84ms)
				ProcessInitializeOnLoadAttributes (178ms)
				ProcessInitializeOnLoadMethodAttributes (10ms)
				AfterProcessingInitializeOnLoad (2ms)
				EditorAssembliesLoaded (0ms)
			ExecutionOrderSort2 (0ms)
			AwakeInstancesAfterBackupRestoration (8ms)
Platform modules already initialized, skipping
Refreshing native plugins compatible for Editor in 0.33 ms, found 3 plugins.
Preloading 0 native plugins for Editor in 0.00 ms.
Unloading 2189 Unused Serialized files (Serialized files now loaded: 0)
System memory in use before: 225.4 MB.
System memory in use after: 225.6 MB.

Unloading 19 unused Assets to reduce memory usage. Loaded Objects now: 2695.
Total: 2.265811 ms (FindLiveObjects: 0.134359 ms CreateObjectMapping: 0.065165 ms MarkObjects: 2.053410 ms  DeleteObjects: 0.012219 ms)

AssetImportParameters requested are different than current active one (requested -> active):
  custom:video-decoder-ogg-theora: a1e56fd34408186e4bbccfd4996cb3dc -> 
  custom:container-muxer-webm: aa71ff27fc2769a1b78a27578f13a17b -> 
  custom:container-demuxer-webm: 4f35f7cbe854078d1ac9338744f61a02 -> 
  custom:container-demuxer-ogg: 62fdf1f143b41e24485cea50d1cbac27 -> 
  custom:video-encoder-webm-vp8: eb34c28f22e8b96e1ab97ce403110664 -> 
  custom:framework-osx-AVFoundation: e770b220cccbd017edd2c1fefb359320 -> 
  custom:video-decoder-webm-vp8: 9c59270c3fd7afecdb556c50c9e8de78 -> 
  custom:audio-decoder-ogg-vorbis: bf7c407c2cedff20999df2af8eb42d56 -> 
  custom:audio-encoder-webm-vorbis: bf7c407c2cedff20999df2af8eb42d56 -> 
========================================================================
Received Prepare
Registering precompiled user dll's ...
Registered in 0.001718 seconds.
Begin MonoManager ReloadAssembly
Native extension for OSXStandalone target not found
Refreshing native plugins compatible for Editor in 0.39 ms, found 3 plugins.
Preloading 0 native plugins for Editor in 0.00 ms.
Mono: successfully reloaded assembly
- Completed reload, in  0.978 seconds
Domain Reload Profiling:
	ReloadAssembly (978ms)
		BeginReloadAssembly (108ms)
			ExecutionOrderSort (0ms)
			DisableScriptedObjects (5ms)
			BackupInstance (0ms)
			ReleaseScriptingObjects (0ms)
			CreateAndSetChildDomain (54ms)
		EndReloadAssembly (815ms)
			LoadAssemblies (64ms)
			RebuildTransferFunctionScriptingTraits (0ms)
			SetupTypeCache (290ms)
			ReleaseScriptCaches (1ms)
			RebuildScriptCaches (48ms)
			SetupLoadedEditorAssemblies (304ms)
				LogAssemblyErrors (0ms)
				InitializePlatformSupportModulesInManaged (4ms)
				SetLoadedEditorAssemblies (0ms)
				RefreshPlugins (0ms)
				BeforeProcessingInitializeOnLoad (86ms)
				ProcessInitializeOnLoadAttributes (202ms)
				ProcessInitializeOnLoadMethodAttributes (10ms)
				AfterProcessingInitializeOnLoad (1ms)
				EditorAssembliesLoaded (0ms)
			ExecutionOrderSort2 (0ms)
			AwakeInstancesAfterBackupRestoration (8ms)
Platform modules already initialized, skipping
Refreshing native plugins compatible for Editor in 0.42 ms, found 3 plugins.
Preloading 0 native plugins for Editor in 0.00 ms.
Unloading 2189 Unused Serialized files (Serialized files now loaded: 0)
System memory in use before: 225.7 MB.
System memory in use after: 225.8 MB.

Unloading 17 unused Assets to reduce memory usage. Loaded Objects now: 2697.
Total: 2.528335 ms (FindLiveObjects: 0.145174 ms CreateObjectMapping: 0.070176 ms MarkObjects: 2.297752 ms  DeleteObjects: 0.014361 ms)

AssetImportParameters requested are different than current active one (requested -> active):
  custom:video-decoder-ogg-theora: a1e56fd34408186e4bbccfd4996cb3dc -> 
  custom:container-muxer-webm: aa71ff27fc2769a1b78a27578f13a17b -> 
  custom:container-demuxer-webm: 4f35f7cbe854078d1ac9338744f61a02 -> 
  custom:container-demuxer-ogg: 62fdf1f143b41e24485cea50d1cbac27 -> 
  custom:video-encoder-webm-vp8: eb34c28f22e8b96e1ab97ce403110664 -> 
  custom:framework-osx-AVFoundation: e770b220cccbd017edd2c1fefb359320 -> 
  custom:video-decoder-webm-vp8: 9c59270c3fd7afecdb556c50c9e8de78 -> 
  custom:audio-decoder-ogg-vorbis: bf7c407c2cedff20999df2af8eb42d56 -> 
  custom:audio-encoder-webm-vorbis: bf7c407c2cedff20999df2af8eb42d56 -> 
